<?xml version="1.0" encoding="UTF-8"?>
<testng-results ignored="0" total="5" passed="5" failed="0" skipped="0">
  <reporter-output>
  </reporter-output>
  <suite started-at="2019-08-24T14:35:15Z" name="Default suite" finished-at="2019-08-24T14:36:51Z" duration-ms="95515">
    <groups>
    </groups>
    <test started-at="2019-08-24T14:35:15Z" name="Default test" finished-at="2019-08-24T14:36:51Z" duration-ms="95515">
      <class name="com.toolsqa.testscripts.OrderProductsAndValidatingCart">
        <test-method is-config="true" signature="intitailizeBrowser()[pri:0, instance:com.toolsqa.testscripts.OrderProductsAndValidatingCart@74e52303]" started-at="2019-08-24T14:35:15Z" name="intitailizeBrowser" finished-at="2019-08-24T14:35:52Z" duration-ms="36874" status="PASS">
          <reporter-output>
          </reporter-output>
        </test-method> <!-- intitailizeBrowser -->
        <test-method signature="validatewithoutsizeandcolour()[pri:0, instance:com.toolsqa.testscripts.OrderProductsAndValidatingCart@74e52303]" started-at="2019-08-24T14:35:52Z" name="validatewithoutsizeandcolour" finished-at="2019-08-24T14:36:10Z" duration-ms="17330" status="PASS">
          <reporter-output>
          </reporter-output>
        </test-method> <!-- validatewithoutsizeandcolour -->
        <test-method signature="searchproducts()[pri:1, instance:com.toolsqa.testscripts.OrderProductsAndValidatingCart@74e52303]" started-at="2019-08-24T14:36:10Z" name="searchproducts" finished-at="2019-08-24T14:36:43Z" duration-ms="33628" status="PASS">
          <reporter-output>
          </reporter-output>
        </test-method> <!-- searchproducts -->
        <test-method signature="validateProductsInCart()[pri:2, instance:com.toolsqa.testscripts.OrderProductsAndValidatingCart@74e52303]" started-at="2019-08-24T14:36:43Z" name="validateProductsInCart" finished-at="2019-08-24T14:36:48Z" duration-ms="4273" status="PASS">
          <reporter-output>
          </reporter-output>
        </test-method> <!-- validateProductsInCart -->
        <test-method signature="verifyGrandTotal()[pri:3, instance:com.toolsqa.testscripts.OrderProductsAndValidatingCart@74e52303]" started-at="2019-08-24T14:36:48Z" name="verifyGrandTotal" finished-at="2019-08-24T14:36:48Z" duration-ms="665" status="PASS">
          <reporter-output>
          </reporter-output>
        </test-method> <!-- verifyGrandTotal -->
        <test-method signature="removeItemFromCart()[pri:4, instance:com.toolsqa.testscripts.OrderProductsAndValidatingCart@74e52303]" started-at="2019-08-24T14:36:48Z" name="removeItemFromCart" finished-at="2019-08-24T14:36:51Z" duration-ms="2363" status="PASS">
          <reporter-output>
          </reporter-output>
        </test-method> <!-- removeItemFromCart -->
      </class> <!-- com.toolsqa.testscripts.OrderProductsAndValidatingCart -->
    </test> <!-- Default test -->
  </suite> <!-- Default suite -->
</testng-results>
