<?xml version="1.0" encoding="UTF-8"?>
<!-- Generated by org.testng.reporters.JUnitXMLReporter -->
<testsuite ignored="0" hostname="ATMECSINDT-030" failures="0" tests="5" name="Default test" time="95.515" errors="0" timestamp="24 Aug 2019 14:36:57 GMT">
  <testcase classname="com.toolsqa.testscripts.OrderProductsAndValidatingCart" name="validatewithoutsizeandcolour" time="17.33"/>
  <testcase classname="com.toolsqa.testscripts.OrderProductsAndValidatingCart" name="searchproducts" time="33.628"/>
  <testcase classname="com.toolsqa.testscripts.OrderProductsAndValidatingCart" name="validateProductsInCart" time="4.273"/>
  <testcase classname="com.toolsqa.testscripts.OrderProductsAndValidatingCart" name="verifyGrandTotal" time="0.665"/>
  <testcase classname="com.toolsqa.testscripts.OrderProductsAndValidatingCart" name="removeItemFromCart" time="2.363"/>
</testsuite> <!-- Default test -->
